2020-09-03 14:07:04,485 INFO t.C.Log [main] Test case started on chrome 85.0.4183.83
2020-09-03 14:07:04,487 INFO t.C.Log [main] ****************************************************************************************
2020-09-03 14:07:04,488 INFO t.C.Log [main] ****************************************************************************************
2020-09-03 14:07:04,490 INFO t.C.Log [main] $$$$$$$$$$$$$$                 Validation_Of_ContactUs_Send_Message       $$$$$$$$$$$$$$$$$$$$$
2020-09-03 14:07:04,491 INFO t.C.Log [main] ****************************************************************************************
2020-09-03 14:07:04,493 INFO t.C.Log [main] ****************************************************************************************
2020-09-03 14:07:04,515 INFO t.C.Log [main] ****************************************************************************************
2020-09-03 14:07:04,516 INFO t.C.Log [main] ****************************************************************************************
2020-09-03 14:07:04,517 INFO t.C.Log [main] $$$$$$$$$$$$$$                 Validation_Of_ContactUs_Send_Message       $$$$$$$$$$$$$$$$$$$$$
2020-09-03 14:07:04,519 INFO t.C.Log [main] ****************************************************************************************
2020-09-03 14:07:04,520 INFO t.C.Log [main] ****************************************************************************************
2020-09-03 14:07:09,108 INFO t.C.Log [main] Navigated to Contact us - My Store Page
2020-09-03 14:07:09,111 INFO t.C.Log [main] Expected Result: Verify the message can be send to customer service.
2020-09-03 14:07:10,686 INFO t.C.Log [main] Blank or invalid email address verified successfully
2020-09-03 14:07:11,794 INFO t.C.Log [main] Black message verified successfully
2020-09-03 14:07:12,862 INFO t.C.Log [main] Black Subject verified successfully
2020-09-03 14:08:13,300 INFO t.C.Log [main] || NoSuchElementException: The Object Contact subject not found! Timed out after 60 seconds waiting for visibility of element located by By.xpath: //select[@id='id_contact']
Build info: version: '2.53.1', revision: 'a36b8b1', time: '2016-06-30 17:37:03'
System info: host: 'SEC35221', ip: '192.168.0.11', os.name: 'Windows 10', os.arch: 'x86', os.version: '10.0', java.version: '1.8.0_222'
Driver info: org.openqa.selenium.chrome.ChromeDriver
Capabilities [{mobileEmulationEnabled=false, timeouts={implicit=0, pageLoad=300000, script=30000}, hasTouchScreen=false, platform=XP, acceptSslCerts=false, goog:chromeOptions={debuggerAddress=localhost:52623}, acceptInsecureCerts=false, webStorageEnabled=true, browserName=chrome, takesScreenshot=true, javascriptEnabled=true, setWindowRect=true, unexpectedAlertBehaviour=ignore, applicationCacheEnabled=false, rotatable=false, networkConnectionEnabled=false, chrome={chromedriverVersion=85.0.4183.87 (cd6713ebf92fa1cacc0f1a598df280093af0c5d7-refs/branch-heads/4183@{#1689}), userDataDir=C:\Users\EXKAPI\AppData\Local\Temp\scoped_dir15988_1356936054}, takesHeapSnapshot=true, pageLoadStrategy=normal, strictFileInteractability=false, databaseEnabled=false, handlesAlerts=true, version=85.0.4183.83, browserConnectionEnabled=false, proxy={}, nativeEvents=true, locationContextEnabled=true, cssSelectorsEnabled=true, webauthn:virtualAuthenticators=true}]
Session ID: 19a98a44c20be21389494294af197dc7 || 
2020-09-03 14:08:13,796 INFO t.C.Log [main] Failed Screenshot Saved at :C:\Users\EXKAPI\workspace\BabbelTest\test-output\20200903Screenshots\Validation_Of_ContactUs_Send_Message.jpg
2020-09-03 14:08:14,220 INFO t.C.Log [main] Failed Screenshot Saved at :C:\Users\EXKAPI\workspace\BabbelTest\test-output\20200903Screenshots\Validation_Of_ContactUs_Send_Message.jpg
