2020-09-03 12:07:08,752 INFO t.C.Log [main] Test case started on chrome 85.0.4183.83
2020-09-03 12:07:08,759 INFO t.C.Log [main] ****************************************************************************************
2020-09-03 12:07:08,763 INFO t.C.Log [main] ****************************************************************************************
2020-09-03 12:07:08,764 INFO t.C.Log [main] $$$$$$$$$$$$$$                 Validation_Of_ContactUs_Send_Message       $$$$$$$$$$$$$$$$$$$$$
2020-09-03 12:07:08,766 INFO t.C.Log [main] ****************************************************************************************
2020-09-03 12:07:08,767 INFO t.C.Log [main] ****************************************************************************************
2020-09-03 12:07:08,787 INFO t.C.Log [main] ****************************************************************************************
2020-09-03 12:07:08,788 INFO t.C.Log [main] ****************************************************************************************
2020-09-03 12:07:08,790 INFO t.C.Log [main] $$$$$$$$$$$$$$                 Validation_Of_ContactUs_Send_Message       $$$$$$$$$$$$$$$$$$$$$
2020-09-03 12:07:08,791 INFO t.C.Log [main] ****************************************************************************************
2020-09-03 12:07:08,792 INFO t.C.Log [main] ****************************************************************************************
2020-09-03 12:07:14,479 INFO t.C.Log [main] Navigated to Contact us - My Store Page
2020-09-03 12:07:14,481 INFO t.C.Log [main] Expected Result: Verify the message can be send to customer service.
2020-09-03 12:07:16,837 INFO t.C.Log [main] Blank or invalid email address verified successfully
2020-09-03 12:07:17,911 INFO t.C.Log [main] Black message verified successfully
2020-09-03 12:07:19,039 INFO t.C.Log [main] Black Subject verified successfully
2020-09-03 12:08:19,081 INFO t.C.Log [main] || NoSuchElementException: The Object Contact subject not found! Timed out after 60 seconds waiting for visibility of element located by By.xpath: //select[@id='id_contact']
Build info: version: '2.53.1', revision: 'a36b8b1', time: '2016-06-30 17:37:03'
System info: host: 'SEC35221', ip: '192.168.0.11', os.name: 'Windows 10', os.arch: 'x86', os.version: '10.0', java.version: '1.8.0_222'
Driver info: org.openqa.selenium.chrome.ChromeDriver
Capabilities [{mobileEmulationEnabled=false, timeouts={implicit=0, pageLoad=300000, script=30000}, hasTouchScreen=false, platform=XP, acceptSslCerts=false, goog:chromeOptions={debuggerAddress=localhost:61862}, acceptInsecureCerts=false, webStorageEnabled=true, browserName=chrome, takesScreenshot=true, javascriptEnabled=true, setWindowRect=true, unexpectedAlertBehaviour=ignore, applicationCacheEnabled=false, rotatable=false, networkConnectionEnabled=false, chrome={chromedriverVersion=85.0.4183.87 (cd6713ebf92fa1cacc0f1a598df280093af0c5d7-refs/branch-heads/4183@{#1689}), userDataDir=C:\Users\EXKAPI\AppData\Local\Temp\scoped_dir50144_489216887}, takesHeapSnapshot=true, pageLoadStrategy=normal, strictFileInteractability=false, databaseEnabled=false, handlesAlerts=true, version=85.0.4183.83, browserConnectionEnabled=false, proxy={}, nativeEvents=true, locationContextEnabled=true, cssSelectorsEnabled=true, webauthn:virtualAuthenticators=true}]
Session ID: 1ef8c4395a0df6f7bed9d504dd71cc94 || 
2020-09-03 12:08:19,643 INFO t.C.Log [main] Failed Screenshot Saved at :C:\Users\EXKAPI\workspace\BabbelTest\test-output\20200903Screenshots\Validation_Of_ContactUs_Send_Message.jpg
2020-09-03 12:08:20,208 INFO t.C.Log [main] Failed Screenshot Saved at :C:\Users\EXKAPI\workspace\BabbelTest\test-output\20200903Screenshots\Validation_Of_ContactUs_Send_Message.jpg
